ha ngoc hieu - error
Nguyen tuan anh - warn
Nguyen thanh tung - info
499460 error
hahaaah- fatal
ha ngoc hieu - error
Nguyen tuan anh - warn
Nguyen thanh tung - info
499462 error
hahaaah- fatal
ha ngoc hieu - error
Nguyen tuan anh - warn
Nguyen thanh tung - info
499464 error
hahaaah- fatal
ha ngoc hieu - error
Nguyen tuan anh - warn
Nguyen thanh tung - info
499466 error
hahaaah- fatal
ha ngoc hieu - error
Nguyen tuan anh - warn
Nguyen thanh tung - info
499468 error
hahaaah- fatal
ha ngoc hieu - error
Nguyen tuan anh - warn
Nguyen thanh tung - info
499470 error
hahaaah- fatal
ha ngoc hieu - error
Nguyen tuan anh - warn
Nguyen thanh tung - info
499472 error
hahaaah- fatal
ha ngoc hieu - error
Nguyen tuan anh - warn
Nguyen thanh tung - info
499474 error
hahaaah- fatal
ha ngoc hieu - error
Nguyen tuan anh - warn
Nguyen thanh tung - info
499476 error
hahaaah- fatal
ha ngoc hieu - error
Nguyen tuan anh - warn
Nguyen thanh tung - info
499478 error
hahaaah- fatal
ha ngoc hieu - error
Nguyen tuan anh - warn
Nguyen thanh tung - info
499480 error
hahaaah- fatal
ha ngoc hieu - error
Nguyen tuan anh - warn
Nguyen thanh tung - info
499482 error
hahaaah- fatal
ha ngoc hieu - error
Nguyen tuan anh - warn
Nguyen thanh tung - info
499484 error
hahaaah- fatal
ha ngoc hieu - error
Nguyen tuan anh - warn
Nguyen thanh tung - info
499486 error
hahaaah- fatal
ha ngoc hieu - error
Nguyen tuan anh - warn
Nguyen thanh tung - info
499488 error
hahaaah- fatal
ha ngoc hieu - error
Nguyen tuan anh - warn
Nguyen thanh tung - info
499490 error
hahaaah- fatal
ha ngoc hieu - error
Nguyen tuan anh - warn
Nguyen thanh tung - info
499492 error
hahaaah- fatal
ha ngoc hieu - error
Nguyen tuan anh - warn
Nguyen thanh tung - info
499494 error
hahaaah- fatal
ha ngoc hieu - error
Nguyen tuan anh - warn
Nguyen thanh tung - info
499496 error
hahaaah- fatal
ha ngoc hieu - error
Nguyen tuan anh - warn
Nguyen thanh tung - info
499498 error
hahaaah- fatal
ha ngoc hieu - error
Nguyen tuan anh - warn
Nguyen thanh tung - info
499500 error
hahaaah- fatal
ha ngoc hieu - error
Nguyen tuan anh - warn
Nguyen thanh tung - info
499502 error
hahaaah- fatal
ha ngoc hieu - error
Nguyen tuan anh - warn
Nguyen thanh tung - info
499504 error
hahaaah- fatal
ha ngoc hieu - error
Nguyen tuan anh - warn
Nguyen thanh tung - info
499506 error
hahaaah- fatal
ha ngoc hieu - error
Nguyen tuan anh - warn
Nguyen thanh tung - info
499508 error
hahaaah- fatal
ha ngoc hieu - error
Nguyen tuan anh - warn
Nguyen thanh tung - info
499510 error
hahaaah- fatal
ha ngoc hieu - error
Nguyen tuan anh - warn
Nguyen thanh tung - info
499512 error
hahaaah- fatal
ha ngoc hieu - error
Nguyen tuan anh - warn
Nguyen thanh tung - info
499514 error
hahaaah- fatal
ha ngoc hieu - error
Nguyen tuan anh - warn
Nguyen thanh tung - info
499516 error
hahaaah- fatal
ha ngoc hieu - error
Nguyen tuan anh - warn
Nguyen thanh tung - info
499518 error
hahaaah- fatal
ha ngoc hieu - error
Nguyen tuan anh - warn
Nguyen thanh tung - info
499520 error
hahaaah- fatal
ha ngoc hieu - error
Nguyen tuan anh - warn
Nguyen thanh tung - info
499522 error
hahaaah- fatal
ha ngoc hieu - error
Nguyen tuan anh - warn
Nguyen thanh tung - info
499524 error
hahaaah- fatal
ha ngoc hieu - error
Nguyen tuan anh - warn
Nguyen thanh tung - info
499526 error
hahaaah- fatal
ha ngoc hieu - error
Nguyen tuan anh - warn
Nguyen thanh tung - info
499528 error
hahaaah- fatal
ha ngoc hieu - error
Nguyen tuan anh - warn
Nguyen thanh tung - info
499530 error
hahaaah- fatal
ha ngoc hieu - error
Nguyen tuan anh - warn
Nguyen thanh tung - info
499532 error
hahaaah- fatal
ha ngoc hieu - error
Nguyen tuan anh - warn
Nguyen thanh tung - info
499534 error
hahaaah- fatal
ha ngoc hieu - error
Nguyen tuan anh - warn
Nguyen thanh tung - info
499536 error
hahaaah- fatal
ha ngoc hieu - error
Nguyen tuan anh - warn
Nguyen thanh tung - info
499538 error
hahaaah- fatal
ha ngoc hieu - error
Nguyen tuan anh - warn
Nguyen thanh tung - info
499540 error
hahaaah- fatal
ha ngoc hieu - error
Nguyen tuan anh - warn
Nguyen thanh tung - info
499542 error
hahaaah- fatal
ha ngoc hieu - error
Nguyen tuan anh - warn
Nguyen thanh tung - info
499544 error
hahaaah- fatal
ha ngoc hieu - error
Nguyen tuan anh - warn
Nguyen thanh tung - info
499546 error
hahaaah- fatal
ha ngoc hieu - error
Nguyen tuan anh - warn
Nguyen thanh tung - info
499548 error
hahaaah- fatal
ha ngoc hieu - error
Nguyen tuan anh - warn
Nguyen thanh tung - info
499550 error
hahaaah- fatal
ha ngoc hieu - error
Nguyen tuan anh - warn
Nguyen thanh tung - info
499552 error
hahaaah- fatal
ha ngoc hieu - error
Nguyen tuan anh - warn
Nguyen thanh tung - info
499554 error
hahaaah- fatal
ha ngoc hieu - error
Nguyen tuan anh - warn
Nguyen thanh tung - info
499556 error
hahaaah- fatal
ha ngoc hieu - error
Nguyen tuan anh - warn
Nguyen thanh tung - info
499558 error
hahaaah- fatal
ha ngoc hieu - error
Nguyen tuan anh - warn
Nguyen thanh tung - info
499560 error
hahaaah- fatal
ha ngoc hieu - error
Nguyen tuan anh - warn
Nguyen thanh tung - info
499562 error
hahaaah- fatal
ha ngoc hieu - error
Nguyen tuan anh - warn
Nguyen thanh tung - info
499564 error
hahaaah- fatal
ha ngoc hieu - error
Nguyen tuan anh - warn
Nguyen thanh tung - info
499566 error
hahaaah- fatal
ha ngoc hieu - error
Nguyen tuan anh - warn
Nguyen thanh tung - info
499568 error
hahaaah- fatal
ha ngoc hieu - error
Nguyen tuan anh - warn
Nguyen thanh tung - info
499570 error
hahaaah- fatal
ha ngoc hieu - error
Nguyen tuan anh - warn
Nguyen thanh tung - info
499572 error
hahaaah- fatal
ha ngoc hieu - error
Nguyen tuan anh - warn
Nguyen thanh tung - info
499574 error
hahaaah- fatal
ha ngoc hieu - error
Nguyen tuan anh - warn
Nguyen thanh tung - info
499576 error
hahaaah- fatal
ha ngoc hieu - error
Nguyen tuan anh - warn
Nguyen thanh tung - info
499578 error
hahaaah- fatal
ha ngoc hieu - error
Nguyen tuan anh - warn
Nguyen thanh tung - info
499580 error
hahaaah- fatal
ha ngoc hieu - error
Nguyen tuan anh - warn
Nguyen thanh tung - info
499582 error
hahaaah- fatal
ha ngoc hieu - error
Nguyen tuan anh - warn
Nguyen thanh tung - info
499584 error
hahaaah- fatal
ha ngoc hieu - error
Nguyen tuan anh - warn
Nguyen thanh tung - info
499586 error
hahaaah- fatal
ha ngoc hieu - error
Nguyen tuan anh - warn
Nguyen thanh tung - info
499588 error
hahaaah- fatal
ha ngoc hieu - error
Nguyen tuan anh - warn
Nguyen thanh tung - info
499590 error
hahaaah- fatal
ha ngoc hieu - error
Nguyen tuan anh - warn
Nguyen thanh tung - info
499592 error
hahaaah- fatal
ha ngoc hieu - error
Nguyen tuan anh - warn
Nguyen thanh tung - info
499594 error
hahaaah- fatal
ha ngoc hieu - error
Nguyen tuan anh - warn
Nguyen thanh tung - info
499596 error
hahaaah- fatal
ha ngoc hieu - error
Nguyen tuan anh - warn
Nguyen thanh tung - info
499598 error
hahaaah- fatal
ha ngoc hieu - error
Nguyen tuan anh - warn
Nguyen thanh tung - info
499600 error
hahaaah- fatal
ha ngoc hieu - error
Nguyen tuan anh - warn
Nguyen thanh tung - info
499602 error
hahaaah- fatal
ha ngoc hieu - error
Nguyen tuan anh - warn
Nguyen thanh tung - info
499604 error
hahaaah- fatal
ha ngoc hieu - error
Nguyen tuan anh - warn
Nguyen thanh tung - info
499606 error
hahaaah- fatal
ha ngoc hieu - error
Nguyen tuan anh - warn
Nguyen thanh tung - info
499608 error
hahaaah- fatal
ha ngoc hieu - error
Nguyen tuan anh - warn
Nguyen thanh tung - info
499610 error
hahaaah- fatal
ha ngoc hieu - error
Nguyen tuan anh - warn
Nguyen thanh tung - info
499612 error
hahaaah- fatal
ha ngoc hieu - error
Nguyen tuan anh - warn
Nguyen thanh tung - info
499614 error
hahaaah- fatal
ha ngoc hieu - error
Nguyen tuan anh - warn
Nguyen thanh tung - info
499616 error
hahaaah- fatal
ha ngoc hieu - error
Nguyen tuan anh - warn
Nguyen thanh tung - info
499618 error
hahaaah- fatal
ha ngoc hieu - error
Nguyen tuan anh - warn
Nguyen thanh tung - info
499620 error
hahaaah- fatal
ha ngoc hieu - error
Nguyen tuan anh - warn
Nguyen thanh tung - info
499622 error
hahaaah- fatal
ha ngoc hieu - error
Nguyen tuan anh - warn
Nguyen thanh tung - info
499624 error
hahaaah- fatal
ha ngoc hieu - error
Nguyen tuan anh - warn
Nguyen thanh tung - info
499626 error
hahaaah- fatal
ha ngoc hieu - error
Nguyen tuan anh - warn
Nguyen thanh tung - info
499628 error
hahaaah- fatal
ha ngoc hieu - error
Nguyen tuan anh - warn
Nguyen thanh tung - info
499630 error
hahaaah- fatal
ha ngoc hieu - error
Nguyen tuan anh - warn
Nguyen thanh tung - info
499632 error
hahaaah- fatal
ha ngoc hieu - error
Nguyen tuan anh - warn
Nguyen thanh tung - info
499634 error
hahaaah- fatal
ha ngoc hieu - error
Nguyen tuan anh - warn
Nguyen thanh tung - info
499636 error
hahaaah- fatal
ha ngoc hieu - error
Nguyen tuan anh - warn
Nguyen thanh tung - info
499638 error
hahaaah- fatal
ha ngoc hieu - error
Nguyen tuan anh - warn
Nguyen thanh tung - info
499640 error
hahaaah- fatal
ha ngoc hieu - error
Nguyen tuan anh - warn
Nguyen thanh tung - info
499642 error
hahaaah- fatal
ha ngoc hieu - error
Nguyen tuan anh - warn
Nguyen thanh tung - info
499644 error
hahaaah- fatal
ha ngoc hieu - error
Nguyen tuan anh - warn
Nguyen thanh tung - info
499646 error
hahaaah- fatal
ha ngoc hieu - error
Nguyen tuan anh - warn
Nguyen thanh tung - info
499648 error
hahaaah- fatal
ha ngoc hieu - error
Nguyen tuan anh - warn
Nguyen thanh tung - info
499650 error
hahaaah- fatal
ha ngoc hieu - error
Nguyen tuan anh - warn
Nguyen thanh tung - info
499652 error
hahaaah- fatal
ha ngoc hieu - error
Nguyen tuan anh - warn
Nguyen thanh tung - info
499654 error
hahaaah- fatal
ha ngoc hieu - error
Nguyen tuan anh - warn
Nguyen thanh tung - info
499656 error
hahaaah- fatal
ha ngoc hieu - error
Nguyen tuan anh - warn
Nguyen thanh tung - info
499658 error
hahaaah- fatal
ha ngoc hieu - error
Nguyen tuan anh - warn
Nguyen thanh tung - info
499660 error
hahaaah- fatal
ha ngoc hieu - error
Nguyen tuan anh - warn
Nguyen thanh tung - info
499662 error
hahaaah- fatal
ha ngoc hieu - error
Nguyen tuan anh - warn
Nguyen thanh tung - info
499664 error
hahaaah- fatal
ha ngoc hieu - error
Nguyen tuan anh - warn
Nguyen thanh tung - info
499666 error
hahaaah- fatal
ha ngoc hieu - error
Nguyen tuan anh - warn
Nguyen thanh tung - info
499668 error
hahaaah- fatal
ha ngoc hieu - error
Nguyen tuan anh - warn
Nguyen thanh tung - info
499670 error
hahaaah- fatal
ha ngoc hieu - error
Nguyen tuan anh - warn
Nguyen thanh tung - info
499672 error
hahaaah- fatal
ha ngoc hieu - error
Nguyen tuan anh - warn
Nguyen thanh tung - info
499674 error
hahaaah- fatal
ha ngoc hieu - error
Nguyen tuan anh - warn
Nguyen thanh tung - info
499676 error
hahaaah- fatal
ha ngoc hieu - error
Nguyen tuan anh - warn
Nguyen thanh tung - info
499678 error
hahaaah- fatal
ha ngoc hieu - error
Nguyen tuan anh - warn
Nguyen thanh tung - info
499680 error
hahaaah- fatal
ha ngoc hieu - error
Nguyen tuan anh - warn
Nguyen thanh tung - info
499682 error
hahaaah- fatal
ha ngoc hieu - error
Nguyen tuan anh - warn
Nguyen thanh tung - info
499684 error
hahaaah- fatal
ha ngoc hieu - error
Nguyen tuan anh - warn
Nguyen thanh tung - info
499686 error
hahaaah- fatal
ha ngoc hieu - error
Nguyen tuan anh - warn
Nguyen thanh tung - info
499688 error
hahaaah- fatal
ha ngoc hieu - error
Nguyen tuan anh - warn
Nguyen thanh tung - info
499690 error
hahaaah- fatal
ha ngoc hieu - error
Nguyen tuan anh - warn
Nguyen thanh tung - info
499692 error
hahaaah- fatal
ha ngoc hieu - error
Nguyen tuan anh - warn
Nguyen thanh tung - info
499694 error
hahaaah- fatal
ha ngoc hieu - error
Nguyen tuan anh - warn
Nguyen thanh tung - info
499696 error
hahaaah- fatal
ha ngoc hieu - error
Nguyen tuan anh - warn
Nguyen thanh tung - info
499698 error
hahaaah- fatal
ha ngoc hieu - error
Nguyen tuan anh - warn
Nguyen thanh tung - info
499700 error
hahaaah- fatal
ha ngoc hieu - error
Nguyen tuan anh - warn
Nguyen thanh tung - info
499702 error
hahaaah- fatal
ha ngoc hieu - error
Nguyen tuan anh - warn
Nguyen thanh tung - info
499704 error
hahaaah- fatal
ha ngoc hieu - error
Nguyen tuan anh - warn
Nguyen thanh tung - info
499706 error
hahaaah- fatal
ha ngoc hieu - error
Nguyen tuan anh - warn
Nguyen thanh tung - info
499708 error
hahaaah- fatal
ha ngoc hieu - error
Nguyen tuan anh - warn
Nguyen thanh tung - info
499710 error
hahaaah- fatal
ha ngoc hieu - error
Nguyen tuan anh - warn
Nguyen thanh tung - info
499712 error
hahaaah- fatal
ha ngoc hieu - error
Nguyen tuan anh - warn
Nguyen thanh tung - info
499714 error
hahaaah- fatal
ha ngoc hieu - error
Nguyen tuan anh - warn
Nguyen thanh tung - info
499716 error
hahaaah- fatal
ha ngoc hieu - error
Nguyen tuan anh - warn
Nguyen thanh tung - info
499718 error
hahaaah- fatal
ha ngoc hieu - error
Nguyen tuan anh - warn
Nguyen thanh tung - info
499720 error
hahaaah- fatal
ha ngoc hieu - error
Nguyen tuan anh - warn
Nguyen thanh tung - info
499722 error
hahaaah- fatal
ha ngoc hieu - error
Nguyen tuan anh - warn
Nguyen thanh tung - info
499724 error
hahaaah- fatal
ha ngoc hieu - error
Nguyen tuan anh - warn
Nguyen thanh tung - info
499726 error
hahaaah- fatal
ha ngoc hieu - error
Nguyen tuan anh - warn
Nguyen thanh tung - info
499728 error
hahaaah- fatal
ha ngoc hieu - error
Nguyen tuan anh - warn
Nguyen thanh tung - info
499730 error
hahaaah- fatal
ha ngoc hieu - error
Nguyen tuan anh - warn
Nguyen thanh tung - info
499732 error
hahaaah- fatal
ha ngoc hieu - error
Nguyen tuan anh - warn
Nguyen thanh tung - info
499734 error
hahaaah- fatal
ha ngoc hieu - error
Nguyen tuan anh - warn
Nguyen thanh tung - info
499736 error
hahaaah- fatal
ha ngoc hieu - error
Nguyen tuan anh - warn
Nguyen thanh tung - info
499738 error
hahaaah- fatal
ha ngoc hieu - error
Nguyen tuan anh - warn
Nguyen thanh tung - info
499740 error
hahaaah- fatal
ha ngoc hieu - error
Nguyen tuan anh - warn
Nguyen thanh tung - info
499742 error
hahaaah- fatal
ha ngoc hieu - error
Nguyen tuan anh - warn
Nguyen thanh tung - info
499744 error
hahaaah- fatal
ha ngoc hieu - error
Nguyen tuan anh - warn
Nguyen thanh tung - info
499746 error
hahaaah- fatal
ha ngoc hieu - error
Nguyen tuan anh - warn
Nguyen thanh tung - info
499748 error
hahaaah- fatal
ha ngoc hieu - error
Nguyen tuan anh - warn
Nguyen thanh tung - info
499750 error
hahaaah- fatal
ha ngoc hieu - error
Nguyen tuan anh - warn
Nguyen thanh tung - info
499752 error
hahaaah- fatal
ha ngoc hieu - error
Nguyen tuan anh - warn
Nguyen thanh tung - info
499754 error
hahaaah- fatal
ha ngoc hieu - error
Nguyen tuan anh - warn
Nguyen thanh tung - info
499756 error
hahaaah- fatal
ha ngoc hieu - error
Nguyen tuan anh - warn
Nguyen thanh tung - info
499758 error
hahaaah- fatal
ha ngoc hieu - error
Nguyen tuan anh - warn
Nguyen thanh tung - info
499760 error
hahaaah- fatal
ha ngoc hieu - error
Nguyen tuan anh - warn
Nguyen thanh tung - info
499762 error
hahaaah- fatal
ha ngoc hieu - error
Nguyen tuan anh - warn
Nguyen thanh tung - info
499764 error
hahaaah- fatal
ha ngoc hieu - error
Nguyen tuan anh - warn
Nguyen thanh tung - info
499766 error
hahaaah- fatal
ha ngoc hieu - error
Nguyen tuan anh - warn
Nguyen thanh tung - info
499768 error
hahaaah- fatal
ha ngoc hieu - error
Nguyen tuan anh - warn
Nguyen thanh tung - info
499770 error
hahaaah- fatal
ha ngoc hieu - error
Nguyen tuan anh - warn
Nguyen thanh tung - info
499772 error
hahaaah- fatal
ha ngoc hieu - error
Nguyen tuan anh - warn
Nguyen thanh tung - info
499774 error
hahaaah- fatal
ha ngoc hieu - error
Nguyen tuan anh - warn
Nguyen thanh tung - info
499776 error
hahaaah- fatal
ha ngoc hieu - error
Nguyen tuan anh - warn
Nguyen thanh tung - info
499778 error
hahaaah- fatal
ha ngoc hieu - error
Nguyen tuan anh - warn
Nguyen thanh tung - info
499780 error
hahaaah- fatal
ha ngoc hieu - error
Nguyen tuan anh - warn
Nguyen thanh tung - info
499782 error
hahaaah- fatal
ha ngoc hieu - error
Nguyen tuan anh - warn
Nguyen thanh tung - info
499784 error
hahaaah- fatal
ha ngoc hieu - error
Nguyen tuan anh - warn
Nguyen thanh tung - info
499786 error
hahaaah- fatal
ha ngoc hieu - error
Nguyen tuan anh - warn
Nguyen thanh tung - info
499788 error
hahaaah- fatal
ha ngoc hieu - error
Nguyen tuan anh - warn
Nguyen thanh tung - info
499790 error
hahaaah- fatal
ha ngoc hieu - error
Nguyen tuan anh - warn
Nguyen thanh tung - info
499792 error
hahaaah- fatal
ha ngoc hieu - error
Nguyen tuan anh - warn
Nguyen thanh tung - info
499794 error
hahaaah- fatal
ha ngoc hieu - error
Nguyen tuan anh - warn
Nguyen thanh tung - info
499796 error
hahaaah- fatal
ha ngoc hieu - error
Nguyen tuan anh - warn
Nguyen thanh tung - info
499798 error
hahaaah- fatal
ha ngoc hieu - error
Nguyen tuan anh - warn
Nguyen thanh tung - info
499800 error
hahaaah- fatal
ha ngoc hieu - error
Nguyen tuan anh - warn
Nguyen thanh tung - info
499802 error
hahaaah- fatal
ha ngoc hieu - error
Nguyen tuan anh - warn
Nguyen thanh tung - info
499804 error
hahaaah- fatal
ha ngoc hieu - error
Nguyen tuan anh - warn
Nguyen thanh tung - info
499806 error
hahaaah- fatal
ha ngoc hieu - error
Nguyen tuan anh - warn
Nguyen thanh tung - info
499808 error
hahaaah- fatal
ha ngoc hieu - error
Nguyen tuan anh - warn
Nguyen thanh tung - info
499810 error
hahaaah- fatal
ha ngoc hieu - error
Nguyen tuan anh - warn
Nguyen thanh tung - info
499812 error
hahaaah- fatal
ha ngoc hieu - error
Nguyen tuan anh - warn
Nguyen thanh tung - info
499814 error
hahaaah- fatal
ha ngoc hieu - error
Nguyen tuan anh - warn
Nguyen thanh tung - info
499816 error
hahaaah- fatal
ha ngoc hieu - error
Nguyen tuan anh - warn
Nguyen thanh tung - info
499818 error
hahaaah- fatal
ha ngoc hieu - error
Nguyen tuan anh - warn
Nguyen thanh tung - info
499820 error
hahaaah- fatal
ha ngoc hieu - error
Nguyen tuan anh - warn
Nguyen thanh tung - info
499822 error
hahaaah- fatal
ha ngoc hieu - error
Nguyen tuan anh - warn
Nguyen thanh tung - info
499824 error
hahaaah- fatal
ha ngoc hieu - error
Nguyen tuan anh - warn
Nguyen thanh tung - info
499826 error
hahaaah- fatal
ha ngoc hieu - error
Nguyen tuan anh - warn
Nguyen thanh tung - info
499828 error
hahaaah- fatal
ha ngoc hieu - error
Nguyen tuan anh - warn
Nguyen thanh tung - info
499830 error
hahaaah- fatal
ha ngoc hieu - error
Nguyen tuan anh - warn
Nguyen thanh tung - info
499832 error
hahaaah- fatal
ha ngoc hieu - error
Nguyen tuan anh - warn
Nguyen thanh tung - info
499834 error
hahaaah- fatal
ha ngoc hieu - error
Nguyen tuan anh - warn
Nguyen thanh tung - info
499836 error
hahaaah- fatal
ha ngoc hieu - error
Nguyen tuan anh - warn
Nguyen thanh tung - info
499838 error
hahaaah- fatal
ha ngoc hieu - error
Nguyen tuan anh - warn
Nguyen thanh tung - info
499840 error
hahaaah- fatal
ha ngoc hieu - error
Nguyen tuan anh - warn
Nguyen thanh tung - info
499842 error
hahaaah- fatal
ha ngoc hieu - error
Nguyen tuan anh - warn
Nguyen thanh tung - info
499844 error
hahaaah- fatal
ha ngoc hieu - error
Nguyen tuan anh - warn
Nguyen thanh tung - info
499846 error
hahaaah- fatal
ha ngoc hieu - error
Nguyen tuan anh - warn
Nguyen thanh tung - info
499848 error
hahaaah- fatal
ha ngoc hieu - error
Nguyen tuan anh - warn
Nguyen thanh tung - info
499850 error
hahaaah- fatal
ha ngoc hieu - error
Nguyen tuan anh - warn
Nguyen thanh tung - info
499852 error
hahaaah- fatal
ha ngoc hieu - error
Nguyen tuan anh - warn
Nguyen thanh tung - info
499854 error
hahaaah- fatal
ha ngoc hieu - error
Nguyen tuan anh - warn
Nguyen thanh tung - info
499856 error
hahaaah- fatal
ha ngoc hieu - error
Nguyen tuan anh - warn
Nguyen thanh tung - info
499858 error
hahaaah- fatal
ha ngoc hieu - error
Nguyen tuan anh - warn
Nguyen thanh tung - info
499860 error
hahaaah- fatal
ha ngoc hieu - error
Nguyen tuan anh - warn
Nguyen thanh tung - info
499862 error
hahaaah- fatal
ha ngoc hieu - error
Nguyen tuan anh - warn
Nguyen thanh tung - info
499864 error
hahaaah- fatal
ha ngoc hieu - error
Nguyen tuan anh - warn
Nguyen thanh tung - info
499866 error
hahaaah- fatal
ha ngoc hieu - error
Nguyen tuan anh - warn
Nguyen thanh tung - info
499868 error
hahaaah- fatal
ha ngoc hieu - error
Nguyen tuan anh - warn
Nguyen thanh tung - info
499870 error
hahaaah- fatal
ha ngoc hieu - error
Nguyen tuan anh - warn
Nguyen thanh tung - info
499872 error
hahaaah- fatal
ha ngoc hieu - error
Nguyen tuan anh - warn
Nguyen thanh tung - info
499874 error
hahaaah- fatal
ha ngoc hieu - error
Nguyen tuan anh - warn
Nguyen thanh tung - info
499876 error
hahaaah- fatal
ha ngoc hieu - error
Nguyen tuan anh - warn
Nguyen thanh tung - info
499878 error
hahaaah- fatal
ha ngoc hieu - error
Nguyen tuan anh - warn
Nguyen thanh tung - info
499880 error
hahaaah- fatal
ha ngoc hieu - error
Nguyen tuan anh - warn
Nguyen thanh tung - info
499882 error
hahaaah- fatal
ha ngoc hieu - error
Nguyen tuan anh - warn
Nguyen thanh tung - info
499884 error
hahaaah- fatal
ha ngoc hieu - error
Nguyen tuan anh - warn
Nguyen thanh tung - info
499886 error
hahaaah- fatal
ha ngoc hieu - error
Nguyen tuan anh - warn
Nguyen thanh tung - info
499888 error
hahaaah- fatal
ha ngoc hieu - error
Nguyen tuan anh - warn
Nguyen thanh tung - info
499890 error
hahaaah- fatal
ha ngoc hieu - error
Nguyen tuan anh - warn
Nguyen thanh tung - info
499892 error
hahaaah- fatal
ha ngoc hieu - error
Nguyen tuan anh - warn
Nguyen thanh tung - info
499894 error
hahaaah- fatal
ha ngoc hieu - error
Nguyen tuan anh - warn
Nguyen thanh tung - info
499896 error
hahaaah- fatal
ha ngoc hieu - error
Nguyen tuan anh - warn
Nguyen thanh tung - info
499898 error
hahaaah- fatal
ha ngoc hieu - error
Nguyen tuan anh - warn
Nguyen thanh tung - info
499900 error
hahaaah- fatal
ha ngoc hieu - error
Nguyen tuan anh - warn
Nguyen thanh tung - info
499902 error
hahaaah- fatal
ha ngoc hieu - error
Nguyen tuan anh - warn
Nguyen thanh tung - info
499904 error
hahaaah- fatal
ha ngoc hieu - error
Nguyen tuan anh - warn
Nguyen thanh tung - info
499906 error
hahaaah- fatal
ha ngoc hieu - error
Nguyen tuan anh - warn
Nguyen thanh tung - info
499908 error
hahaaah- fatal
ha ngoc hieu - error
Nguyen tuan anh - warn
Nguyen thanh tung - info
499910 error
hahaaah- fatal
ha ngoc hieu - error
Nguyen tuan anh - warn
Nguyen thanh tung - info
499912 error
hahaaah- fatal
ha ngoc hieu - error
Nguyen tuan anh - warn
Nguyen thanh tung - info
499914 error
hahaaah- fatal
ha ngoc hieu - error
Nguyen tuan anh - warn
Nguyen thanh tung - info
499916 error
hahaaah- fatal
ha ngoc hieu - error
Nguyen tuan anh - warn
Nguyen thanh tung - info
499918 error
hahaaah- fatal
ha ngoc hieu - error
Nguyen tuan anh - warn
Nguyen thanh tung - info
499920 error
hahaaah- fatal
ha ngoc hieu - error
Nguyen tuan anh - warn
Nguyen thanh tung - info
499922 error
hahaaah- fatal
ha ngoc hieu - error
Nguyen tuan anh - warn
Nguyen thanh tung - info
499924 error
hahaaah- fatal
ha ngoc hieu - error
Nguyen tuan anh - warn
Nguyen thanh tung - info
499926 error
hahaaah- fatal
ha ngoc hieu - error
Nguyen tuan anh - warn
Nguyen thanh tung - info
499928 error
hahaaah- fatal
ha ngoc hieu - error
Nguyen tuan anh - warn
Nguyen thanh tung - info
499930 error
hahaaah- fatal
ha ngoc hieu - error
Nguyen tuan anh - warn
Nguyen thanh tung - info
499932 error
hahaaah- fatal
ha ngoc hieu - error
Nguyen tuan anh - warn
Nguyen thanh tung - info
499934 error
hahaaah- fatal
ha ngoc hieu - error
Nguyen tuan anh - warn
Nguyen thanh tung - info
499936 error
hahaaah- fatal
ha ngoc hieu - error
Nguyen tuan anh - warn
Nguyen thanh tung - info
499938 error
hahaaah- fatal
ha ngoc hieu - error
Nguyen tuan anh - warn
Nguyen thanh tung - info
499940 error
hahaaah- fatal
ha ngoc hieu - error
Nguyen tuan anh - warn
Nguyen thanh tung - info
499942 error
hahaaah- fatal
ha ngoc hieu - error
Nguyen tuan anh - warn
Nguyen thanh tung - info
499944 error
hahaaah- fatal
ha ngoc hieu - error
Nguyen tuan anh - warn
Nguyen thanh tung - info
499946 error
hahaaah- fatal
ha ngoc hieu - error
Nguyen tuan anh - warn
Nguyen thanh tung - info
499948 error
hahaaah- fatal
ha ngoc hieu - error
Nguyen tuan anh - warn
Nguyen thanh tung - info
499950 error
hahaaah- fatal
ha ngoc hieu - error
Nguyen tuan anh - warn
Nguyen thanh tung - info
499952 error
hahaaah- fatal
ha ngoc hieu - error
Nguyen tuan anh - warn
Nguyen thanh tung - info
499954 error
hahaaah- fatal
ha ngoc hieu - error
Nguyen tuan anh - warn
Nguyen thanh tung - info
499956 error
hahaaah- fatal
ha ngoc hieu - error
Nguyen tuan anh - warn
Nguyen thanh tung - info
499958 error
hahaaah- fatal
ha ngoc hieu - error
Nguyen tuan anh - warn
Nguyen thanh tung - info
499960 error
hahaaah- fatal
ha ngoc hieu - error
Nguyen tuan anh - warn
Nguyen thanh tung - info
499962 error
hahaaah- fatal
ha ngoc hieu - error
Nguyen tuan anh - warn
Nguyen thanh tung - info
499964 error
hahaaah- fatal
ha ngoc hieu - error
Nguyen tuan anh - warn
Nguyen thanh tung - info
499966 error
hahaaah- fatal
ha ngoc hieu - error
Nguyen tuan anh - warn
Nguyen thanh tung - info
499968 error
hahaaah- fatal
ha ngoc hieu - error
Nguyen tuan anh - warn
Nguyen thanh tung - info
499970 error
hahaaah- fatal
ha ngoc hieu - error
Nguyen tuan anh - warn
Nguyen thanh tung - info
499972 error
hahaaah- fatal
ha ngoc hieu - error
Nguyen tuan anh - warn
Nguyen thanh tung - info
499974 error
hahaaah- fatal
ha ngoc hieu - error
Nguyen tuan anh - warn
Nguyen thanh tung - info
499976 error
hahaaah- fatal
ha ngoc hieu - error
Nguyen tuan anh - warn
Nguyen thanh tung - info
499978 error
hahaaah- fatal
ha ngoc hieu - error
Nguyen tuan anh - warn
Nguyen thanh tung - info
499980 error
hahaaah- fatal
ha ngoc hieu - error
Nguyen tuan anh - warn
Nguyen thanh tung - info
499982 error
hahaaah- fatal
ha ngoc hieu - error
Nguyen tuan anh - warn
Nguyen thanh tung - info
499984 error
hahaaah- fatal
ha ngoc hieu - error
Nguyen tuan anh - warn
Nguyen thanh tung - info
499986 error
hahaaah- fatal
ha ngoc hieu - error
Nguyen tuan anh - warn
Nguyen thanh tung - info
499988 error
hahaaah- fatal
ha ngoc hieu - error
Nguyen tuan anh - warn
Nguyen thanh tung - info
499990 error
hahaaah- fatal
ha ngoc hieu - error
Nguyen tuan anh - warn
Nguyen thanh tung - info
499992 error
hahaaah- fatal
ha ngoc hieu - error
Nguyen tuan anh - warn
Nguyen thanh tung - info
499994 error
hahaaah- fatal
ha ngoc hieu - error
Nguyen tuan anh - warn
Nguyen thanh tung - info
499996 error
hahaaah- fatal
ha ngoc hieu - error
Nguyen tuan anh - warn
Nguyen thanh tung - info
499998 error
hahaaah- fatal
ha ngoc hieu - error
Nguyen tuan anh - warn
Nguyen thanh tung - info
500000 error
